
Showing logs for build [32mcb-kubecd-bdd-gh-1587145179-mas-x8r6n-1[0m stage [32mfrom-build-pack[0m and container [32mstep-credential-initializer-fzxl4[0m
{"level":"warn","ts":1587145317.441346,"logger":"fallback-logger","caller":"logging/config.go:69","msg":"Fetch GitHub commit ID from kodata failed: \"ref: refs/heads/0.8.0-**-support-backwards-incompats\" is not a valid GitHub commit ID"}
{"level":"info","ts":1587145317.442019,"logger":"fallback-logger","caller":"creds-init/main.go:40","msg":"Credentials initialized."}

Showing logs for build [32mcb-kubecd-bdd-gh-1587145179-mas-x8r6n-1[0m stage [32mfrom-build-pack[0m and container [32mstep-working-dir-initializer-q8c6q[0m
{"level":"warn","ts":1587145318.4961257,"logger":"fallback-logger","caller":"logging/config.go:69","msg":"Fetch GitHub commit ID from kodata failed: open /var/run/ko/HEAD: no such file or directory"}
{"level":"info","ts":1587145318.4995239,"logger":"fallback-logger","caller":"bash/main.go:64","msg":"Successfully executed command \"sh -c mkdir -p /workspace/source\"; output "}

Showing logs for build [32mcb-kubecd-bdd-gh-1587145179-mas-x8r6n-1[0m stage [32mfrom-build-pack[0m and container [32mstep-place-tools[0m

Showing logs for build [32mcb-kubecd-bdd-gh-1587145179-mas-x8r6n-1[0m stage [32mfrom-build-pack[0m and container [32mstep-git-source-cb-kubecd-bdd-gh-1587145179-mas-x8r6n-c5rll[0m
{"level":"warn","ts":1587145390.6149015,"logger":"fallback-logger","caller":"logging/config.go:69","msg":"Fetch GitHub commit ID from kodata failed: \"ref: refs/heads/0.8.0-**-support-backwards-incompats\" is not a valid GitHub commit ID"}
{"level":"info","ts":1587145391.658064,"logger":"fallback-logger","caller":"git/git.go:103","msg":"Successfully cloned https://github.com/cb-kubecd/bdd-gh-1587145179.git @ v0.0.1 in path /workspace/source"}

Showing logs for build [32mcb-kubecd-bdd-gh-1587145179-mas-x8r6n-1[0m stage [32mfrom-build-pack[0m and container [32mstep-git-merge[0m
Using SHAs from PULL_REFS=master:
WARNING: no SHAs to merge, falling back to initial cloned commit

Showing logs for build [32mcb-kubecd-bdd-gh-1587145179-mas-x8r6n-1[0m stage [32mfrom-build-pack[0m and container [32mstep-setup-jx-git-credentials[0m
Generated Git credentials file /workspace/xdg_config/git/credentials

Showing logs for build [32mcb-kubecd-bdd-gh-1587145179-mas-x8r6n-1[0m stage [32mfrom-build-pack[0m and container [32mstep-build-make-build[0m
CGO_ENABLED=0 GO15VENDOREXPERIMENT=1 go build -ldflags '' -o bin/bdd-gh-1587145179 main.go

Showing logs for build [32mcb-kubecd-bdd-gh-1587145179-mas-x8r6n-1[0m stage [32mfrom-build-pack[0m and container [32mstep-build-container-build[0m
ERROR: logging before flag.Parse: E0417 17:43:21.606728      11 metadata.go:241] Failed to unmarshal scopes: invalid character 'h' looking for beginning of value
[36mINFO[0m[0000] No base image, nothing to extract            
[36mINFO[0m[0000] cmd: EXPOSE                                  
[36mINFO[0m[0000] Adding exposed port: 8080/tcp                
[36mINFO[0m[0000] Using files from context: [/workspace/source/bin] 
[36mINFO[0m[0000] Skipping unpacking as no commands require it. 
[36mINFO[0m[0000] Taking snapshot of full filesystem...        
[36mINFO[0m[0000] EXPOSE 8080                                  
[36mINFO[0m[0000] cmd: EXPOSE                                  
[36mINFO[0m[0000] Adding exposed port: 8080/tcp                
[36mINFO[0m[0000] No files changed in this command, skipping snapshotting. 
[36mINFO[0m[0000] ENTRYPOINT ["/bdd-gh-1587145179"]            
[36mINFO[0m[0000] No files changed in this command, skipping snapshotting. 
[36mINFO[0m[0000] Using files from context: [/workspace/source/bin] 
[36mINFO[0m[0000] COPY ./bin/ /                                
[36mINFO[0m[0000] Taking snapshot of files...                  
2020/04/17 17:43:25 pushed blob: sha256:43554b3ea0a4a217d3a4f3eae46e6a24288357f1b663b79d0bcbcaab7fa266d2
2020/04/17 17:43:25 pushed blob: sha256:ee07a3b0b3e6216ba38568ae0467df69fefc92c734ea250673fd526bf0d3ba4d
2020/04/17 17:43:27 gcr.io/jenkins-x-labs-bdd/bdd-gh-1587145179:0.0.1: digest: sha256:1c3b2f37a86e66a8194a4d4bcc109d66eb5616e5f438d5dff2a08337b6a69c9d size: 428

Showing logs for build [32mcb-kubecd-bdd-gh-1587145179-mas-x8r6n-1[0m stage [32mfrom-build-pack[0m and container [32mstep-build-post-build[0m
no CVE provider running in the current ** namespace so skip adding image to be analysed

Showing logs for build [32mcb-kubecd-bdd-gh-1587145179-mas-x8r6n-1[0m stage [32mfrom-build-pack[0m and container [32mstep-promote-changelog[0m
Converted /workspace/source/charts/bdd-gh-1587145179 to an unshallow repository
Generating change log from git ref 8f5944c4708d1cb99bf084d38d250e8f3497d121 => 2a06cfc10005c0b00c3253a9596acb1a5d3c3919
Associating user x-0 in users.jenkins.io with email jenkins-x-*****@googlegroups.com to git GitProvider user with login -0 as emails match
Adding label jenkins.io/git-github-userid=-0 to user x-0 in users.jenkins.io
WARNING: Failed to enrich commit 1442df8f9ed79e2c82f40c11857144cc5b8ad251 with issues: User.jenkins.io "x-0" is invalid: metadata.labels: Invalid value: "-0": a valid label must be an empty string or consist of alphanumeric characters, '-', '_' or '.', and must start and end with an alphanumeric character (e.g. 'MyValue',  or 'my_value',  or '12345', regex used for validation is '(([A-Za-z0-9][-A-Za-z0-9_.]*)?[A-Za-z0-9])?')
Finding issues in commit messages using git format
WARNING: No release found for cb-kubecd/bdd-gh-1587145179 and tag v0.0.1 so creating a new release
Updated the release information at https://github.com/cb-kubecd/bdd-gh-1587145179/releases/tag/v0.0.1
generated: /workspace/source/charts/bdd-gh-1587145179/templates/release.yaml
Created Release bdd-gh-1587145179-0-0-1 resource in namespace **
Updating PipelineActivity cb-kubecd-bdd-gh-1587145179-master-1 with version 0.0.1
Updated PipelineActivities cb-kubecd-bdd-gh-1587145179-master-1 with release notes URL: https://github.com/cb-kubecd/bdd-gh-1587145179/releases/tag/v0.0.1

Showing logs for build [32mcb-kubecd-bdd-gh-1587145179-mas-x8r6n-1[0m stage [32mfrom-build-pack[0m and container [32mstep-promote-helm-release[0m
WARNING: No $CHART_REPOSITORY defined so using the default value of: http://jenkins-x-chartmuseum:8080
Adding missing Helm repo: storage.googleapis.com https://storage.googleapis.com/chartmuseum.jenkins-x.io
Successfully added Helm repository storage.googleapis.com.
Adding missing Helm repo: jenkins-x-chartmuseum http://jenkins-x-chartmuseum:8080
Successfully added Helm repository jenkins-x-chartmuseum.
WARNING: No $CHART_REPOSITORY defined so using the default value of: http://jenkins-x-chartmuseum:8080
Uploading chart file bdd-gh-1587145179-0.0.1.tgz to http://jenkins-x-chartmuseum:8080/api/charts
Received 201 response: {"saved":true}

Showing logs for build [32mcb-kubecd-bdd-gh-1587145179-mas-x8r6n-1[0m stage [32mfrom-build-pack[0m and container [32mstep-promote-jx-promote[0m
WARNING: prow based install so skip waiting for the merge of Pull Requests to go green as currently there is an issue with gettingstatuses from the PR, see https://github.com/jenkins-x/**/issues/2410
WARNING: No $CHART_REPOSITORY defined so using the default value of: http://jenkins-x-chartmuseum:8080
Promoting app bdd-gh-1587145179 version 0.0.1 to namespace **-staging
WARNING: could not find upstream git URL failed to unmarshal  due to no GitConfDir defined
Created Pull Request: https://github.com/cb-kubecd/environment-pr-1-46-bdd-vault-staging/pull/1
Added label updatebot to Pull Request https://github.com/cb-kubecd/environment-pr-1-46-bdd-vault-staging/pull/1
got git provider status pending from PR https://github.com/cb-kubecd/environment-pr-1-46-bdd-vault-staging/pull/1
got git provider status pending from PR https://github.com/cb-kubecd/environment-pr-1-46-bdd-vault-staging/pull/1
got git provider status pending from PR https://github.com/cb-kubecd/environment-pr-1-46-bdd-vault-staging/pull/1
got git provider status pending from PR https://github.com/cb-kubecd/environment-pr-1-46-bdd-vault-staging/pull/1
Pull Request https://github.com/cb-kubecd/environment-pr-1-46-bdd-vault-staging/pull/1 is merged at sha 3aeaec52948af11c4c92146044455532f89f06ac
Pull Request merged but we are not waiting for the update pipeline to complete!
WARNING: Could not find the service URL in namespace **-staging for names bdd-gh-1587145179, **-bdd-gh-1587145179, **-staging-bdd-gh-1587145179
