
Showing logs for build [32mcb-kubecd-bdd-gh-1587145179-pr-r6bkn-1[0m stage [32mfrom-build-pack[0m and container [32mstep-credential-initializer-vcbd5[0m
{"level":"warn","ts":1587145672.8687701,"logger":"fallback-logger","caller":"logging/config.go:69","msg":"Fetch GitHub commit ID from kodata failed: \"ref: refs/heads/0.8.0-**-support-backwards-incompats\" is not a valid GitHub commit ID"}
{"level":"info","ts":1587145672.869218,"logger":"fallback-logger","caller":"creds-init/main.go:40","msg":"Credentials initialized."}

Showing logs for build [32mcb-kubecd-bdd-gh-1587145179-pr-r6bkn-1[0m stage [32mfrom-build-pack[0m and container [32mstep-working-dir-initializer-dxvmv[0m
{"level":"warn","ts":1587145674.146855,"logger":"fallback-logger","caller":"logging/config.go:69","msg":"Fetch GitHub commit ID from kodata failed: open /var/run/ko/HEAD: no such file or directory"}
{"level":"info","ts":1587145674.1483862,"logger":"fallback-logger","caller":"bash/main.go:64","msg":"Successfully executed command \"sh -c mkdir -p /workspace/source\"; output "}

Showing logs for build [32mcb-kubecd-bdd-gh-1587145179-pr-r6bkn-1[0m stage [32mfrom-build-pack[0m and container [32mstep-place-tools[0m

Showing logs for build [32mcb-kubecd-bdd-gh-1587145179-pr-r6bkn-1[0m stage [32mfrom-build-pack[0m and container [32mstep-git-source-cb-kubecd-bdd-gh-1587145179-pr-r6bkn-42rlf[0m
{"level":"warn","ts":1587145679.2955346,"logger":"fallback-logger","caller":"logging/config.go:69","msg":"Fetch GitHub commit ID from kodata failed: \"ref: refs/heads/0.8.0-**-support-backwards-incompats\" is not a valid GitHub commit ID"}
{"level":"info","ts":1587145680.3450754,"logger":"fallback-logger","caller":"git/git.go:103","msg":"Successfully cloned https://github.com/cb-kubecd/bdd-gh-1587145179.git @ master in path /workspace/source"}

Showing logs for build [32mcb-kubecd-bdd-gh-1587145179-pr-r6bkn-1[0m stage [32mfrom-build-pack[0m and container [32mstep-git-merge[0m
Using SHAs from PULL_REFS=master:1442df8f9ed79e2c82f40c11857144cc5b8ad251,1:2a5384534a2ae81fa4312b71c7bccdbc93e0d0a7
DEBUG: LC_ALL=C JX_LOG_LEVEL=error git fetch origin --unshallow 2a5384534a2ae81fa4312b71c7bccdbc93e0d0a7: 1442df8f9ed79e2c82f40c11857144cc5b8ad251:
DEBUG: ran git fetch --unshallow origin 2a5384534a2ae81fa4312b71c7bccdbc93e0d0a7: 1442df8f9ed79e2c82f40c11857144cc5b8ad251: in 
DEBUG: JX_LOG_LEVEL=error LC_ALL=C git branch
DEBUG: LC_ALL=C JX_LOG_LEVEL=error git checkout master
DEBUG: ran git checkout master in 
DEBUG: LC_ALL=C JX_LOG_LEVEL=error git reset --hard 1442df8f9ed79e2c82f40c11857144cc5b8ad251
DEBUG: ran git reset --hard 1442df8f9ed79e2c82f40c11857144cc5b8ad251 in 
DEBUG: LC_ALL=C JX_LOG_LEVEL=error git clean -fd .
DEBUG: ran clean --force -d . in 
DEBUG: LC_ALL=C JX_LOG_LEVEL=error git merge 2a5384534a2ae81fa4312b71c7bccdbc93e0d0a7
DEBUG: ran git merge 2a5384534a2ae81fa4312b71c7bccdbc93e0d0a7 in 
DEBUG: LC_ALL=C JX_LOG_LEVEL=error git log --format=%H%x1f%an%x1f%ae%x1f%cn%x1f%ce%x1f%s%n%b%x1e 1442df8f9ed79e2c82f40c11857144cc5b8ad251..HEAD
Merged SHA 2a5384534a2ae81fa4312b71c7bccdbc93e0d0a7 with commit message 'My first PR commit' into base branch master

Showing logs for build [32mcb-kubecd-bdd-gh-1587145179-pr-r6bkn-1[0m stage [32mfrom-build-pack[0m and container [32mstep-build-make-linux[0m
CGO_ENABLED=0 GOOS=linux GOARCH=amd64 GO15VENDOREXPERIMENT=1 go build -ldflags '' -o bin/bdd-gh-1587145179 main.go

Showing logs for build [32mcb-kubecd-bdd-gh-1587145179-pr-r6bkn-1[0m stage [32mfrom-build-pack[0m and container [32mstep-build-container-build[0m
ERROR: logging before flag.Parse: E0417 17:48:08.190910      12 metadata.go:241] Failed to unmarshal scopes: invalid character 'h' looking for beginning of value
[36mINFO[0m[0000] No base image, nothing to extract            
[36mINFO[0m[0000] cmd: EXPOSE                                  
[36mINFO[0m[0000] Adding exposed port: 8080/tcp                
[36mINFO[0m[0000] Using files from context: [/workspace/source/bin] 
[36mINFO[0m[0000] Skipping unpacking as no commands require it. 
[36mINFO[0m[0000] Taking snapshot of full filesystem...        
[36mINFO[0m[0000] EXPOSE 8080                                  
[36mINFO[0m[0000] cmd: EXPOSE                                  
[36mINFO[0m[0000] Adding exposed port: 8080/tcp                
[36mINFO[0m[0000] No files changed in this command, skipping snapshotting. 
[36mINFO[0m[0000] ENTRYPOINT ["/bdd-gh-1587145179"]            
[36mINFO[0m[0000] No files changed in this command, skipping snapshotting. 
[36mINFO[0m[0000] Using files from context: [/workspace/source/bin] 
[36mINFO[0m[0000] COPY ./bin/ /                                
[36mINFO[0m[0000] Taking snapshot of files...                  
2020/04/17 17:48:12 pushed blob: sha256:cee5bf949e033fae63e815c63b8ea7460f516aa23d7fb59bf1c607bbb6fa61ea
2020/04/17 17:48:12 pushed blob: sha256:4e5ceb03432043deb6f919053ba76cb6050c05597a4cb171d2e5bbd661812c33
2020/04/17 17:48:14 gcr.io/jenkins-x-labs-bdd/bdd-gh-1587145179:0.0.0-SNAPSHOT-PR-1-1: digest: sha256:8b8a882915f990874f55eba80242f23a9708a146dccbf178024cf39893add4cb size: 428

Showing logs for build [32mcb-kubecd-bdd-gh-1587145179-pr-r6bkn-1[0m stage [32mfrom-build-pack[0m and container [32mstep-postbuild-post-build[0m
no CVE provider running in the current ** namespace so skip adding image to be analysed

Showing logs for build [32mcb-kubecd-bdd-gh-1587145179-pr-r6bkn-1[0m stage [32mfrom-build-pack[0m and container [32mstep-promote-make-preview[0m
sed -i -e "s/version:.*/version: 0.0.0-SNAPSHOT-PR-1-1/" Chart.yaml
sed -i -e "s/version:.*/version: 0.0.0-SNAPSHOT-PR-1-1/" ../*/Chart.yaml
sed -i -e "s|repository:.*|repository: gcr.io\/jenkins-x-labs-bdd\/bdd-gh-1587145179|" values.yaml
sed -i -e "s/tag:.*/tag: 0.0.0-SNAPSHOT-PR-1-1/" values.yaml
echo "  version: 0.0.0-SNAPSHOT-PR-1-1" >> requirements.yaml
** step helm build
WARNING: No $CHART_REPOSITORY defined so using the default value of: http://jenkins-x-chartmuseum:8080
Adding missing Helm repo: storage.googleapis.com https://storage.googleapis.com/chartmuseum.jenkins-x.io
Successfully added Helm repository storage.googleapis.com.
Adding missing Helm repo: jenkins-x-chartmuseum http://jenkins-x-chartmuseum:8080
Successfully added Helm repository jenkins-x-chartmuseum.
WARNING: No $CHART_REPOSITORY defined so using the default value of: http://jenkins-x-chartmuseum:8080

Showing logs for build [32mcb-kubecd-bdd-gh-1587145179-pr-r6bkn-1[0m stage [32mfrom-build-pack[0m and container [32mstep-promote-jx-preview[0m
Creating a preview
Created environment cb-kubecd-bdd-gh-1587145179-pr-1
Namespace **-cb-kubecd-bdd-gh-1587145179-pr-1 created 
expose:
  Annotations:
    helm.sh/hook: post-install,post-upgrade
    helm.sh/hook-delete-policy: hook-succeeded
  config:
    domain: 104.155.38.199.nip.io
    exposer: Ingress
    http: "true"
preview:
  image:
    repository: gcr.io/jenkins-x-labs-bdd/bdd-gh-1587145179
    tag: 0.0.0-SNAPSHOT-PR-1-1
adding helm values file /workspace/source/charts/preview/**Requirements.values.yaml for namespace **-cb-kubecd-bdd-gh-1587145179-pr-1
Updating PipelineActivities cb-kubecd-bdd-gh-1587145179-pr-1-1 which has status Running
WARNING: preview application http://bdd-gh-1587145179-**-cb-kubecd-bdd-gh-1587145179-pr-1.104.155.38.199.nip.io not available, error was 503 503 Service Temporarily Unavailable, delaying for: 1.252573036s
WARNING: preview application http://bdd-gh-1587145179-**-cb-kubecd-bdd-gh-1587145179-pr-1.104.155.38.199.nip.io not available, error was 503 503 Service Temporarily Unavailable, delaying for: 1.795078749s
Preview application is now available at: http://bdd-gh-1587145179-**-cb-kubecd-bdd-gh-1587145179-pr-1.104.155.38.199.nip.io
